average                                             I frame                                             P frame                                             B frame
bitrate(kb/s) 	psnr(Y) 	psnr(U) 	psnr(V) 	bitrate(kb/s) 	psnr(Y) 	psnr(U) 	psnr(V) 	bitrate(kb/s) 	psnr(Y) 	psnr(U) 	psnr(V) 	bitrate(kb/s) 	psnr(Y) 	psnr(U) 	psnr(V)
795.20        	42.775  	45.986  	45.553  	8594.88       	45.286  	47.753  	48.102  	0.00          	0.000   	0.000   	0.000   	673.33        	42.736  	45.958  	45.513  	BasketballPass_22
393.96        	39.070  	43.268  	42.497  	5275.68       	42.070  	44.683  	44.727  	0.00          	0.000   	0.000   	0.000   	317.69        	39.024  	43.246  	42.463  	BasketballPass_27
200.63        	35.820  	40.917  	40.092  	3140.64       	38.862  	41.862  	41.980  	0.00          	0.000   	0.000   	0.000   	154.69        	35.773  	40.902  	40.063  	BasketballPass_32
106.95        	33.019  	38.992  	38.167  	1775.52       	35.610  	39.102  	39.119  	0.00          	0.000   	0.000   	0.000   	80.88         	32.978  	38.990  	38.152  	BasketballPass_37
1700.27       	38.570  	41.852  	43.494  	14482.08      	42.594  	44.534  	46.533  	0.00          	0.000   	0.000   	0.000   	1500.56       	38.507  	41.810  	43.446  	BlowingBubbles_22
778.96        	35.451  	39.352  	40.854  	9041.76       	39.501  	41.325  	43.273  	0.00          	0.000   	0.000   	0.000   	649.85        	35.388  	39.321  	40.816  	BlowingBubbles_27
377.97        	32.635  	37.222  	38.610  	5384.16       	36.324  	38.742  	40.398  	0.00          	0.000   	0.000   	0.000   	299.75        	32.577  	37.198  	38.582  	BlowingBubbles_32
188.68        	30.125  	35.502  	36.740  	2983.20       	33.166  	35.772  	37.854  	0.00          	0.000   	0.000   	0.000   	145.01        	30.077  	35.497  	36.722  	BlowingBubbles_37
1097.44       	39.200  	44.976  	46.027  	14270.40      	42.678  	46.056  	46.945  	0.00          	0.000   	0.000   	0.000   	891.61        	39.146  	44.959  	46.012  	BQSquare_22
469.98        	35.914  	42.624  	43.565  	9867.84       	39.338  	43.225  	44.100  	0.00          	0.000   	0.000   	0.000   	323.14        	35.861  	42.614  	43.557  	BQSquare_27
230.58        	32.734  	40.572  	41.407  	6365.76       	35.593  	41.190  	41.818  	0.00          	0.000   	0.000   	0.000   	134.72        	32.689  	40.563  	41.400  	BQSquare_32
128.34        	30.079  	38.719  	39.403  	4028.64       	32.209  	39.058  	39.517  	0.00          	0.000   	0.000   	0.000   	67.40         	30.046  	38.714  	39.401  	BQSquare_37
2133.59       	39.358  	41.886  	42.340  	12976.80      	43.728  	45.138  	45.798  	0.00          	0.000   	0.000   	0.000   	1964.16       	39.290  	41.835  	42.286  	RaceHorses_22
1047.41       	35.584  	39.361  	39.735  	8489.28       	40.469  	42.023  	42.763  	0.00          	0.000   	0.000   	0.000   	931.13        	35.507  	39.320  	39.688  	RaceHorses_27
513.55        	32.235  	37.286  	37.356  	5268.48       	37.140  	39.273  	39.954  	0.00          	0.000   	0.000   	0.000   	439.25        	32.159  	37.255  	37.316  	RaceHorses_32
257.80        	29.512  	35.828  	35.636  	3005.76       	33.672  	36.910  	37.321  	0.00          	0.000   	0.000   	0.000   	214.87        	29.447  	35.811  	35.610  	RaceHorses_37
3003.17       	41.716  	44.292  	45.022  	33231.84      	45.380  	46.615  	48.113  	0.00          	0.000   	0.000   	0.000   	2530.84       	41.659  	44.256  	44.974  	BasketballDrill_22
1406.50       	38.763  	42.063  	42.342  	17826.72      	41.896  	44.032  	45.210  	0.00          	0.000   	0.000   	0.000   	1149.93       	38.714  	42.032  	42.297  	BasketballDrill_27
702.83        	35.919  	40.031  	40.174  	9602.40       	38.776  	41.805  	42.796  	0.00          	0.000   	0.000   	0.000   	563.77        	35.875  	40.004  	40.133  	BasketballDrill_32
368.94        	33.357  	38.162  	38.102  	5129.76       	35.926  	39.437  	40.183  	0.00          	0.000   	0.000   	0.000   	294.55        	33.317  	38.142  	38.070  	BasketballDrill_37
3541.20       	40.080  	43.997  	45.075  	34494.72      	42.783  	45.304  	47.275  	0.00          	0.000   	0.000   	0.000   	3057.55       	40.038  	43.976  	45.041  	BQMall_22
1712.12       	37.586  	42.254  	42.758  	22337.28      	40.677  	43.273  	44.778  	0.00          	0.000   	0.000   	0.000   	1389.85       	37.538  	42.238  	42.726  	BQMall_27
885.26        	34.921  	40.411  	40.589  	14115.84      	38.084  	41.305  	42.393  	0.00          	0.000   	0.000   	0.000   	678.53        	34.871  	40.397  	40.561  	BQMall_32
475.54        	32.235  	38.645  	38.674  	8418.72       	35.047  	39.133  	40.037  	0.00          	0.000   	0.000   	0.000   	351.43        	32.191  	38.638  	38.653  	BQMall_37
8281.42       	38.496  	41.869  	42.611  	77805.60      	45.368  	45.710  	46.458  	0.00          	0.000   	0.000   	0.000   	7195.10       	38.388  	41.809  	42.551  	PartyScene_22
3848.32       	34.927  	39.398  	39.893  	51549.12      	40.634  	41.430  	42.230  	0.00          	0.000   	0.000   	0.000   	3103.00       	34.838  	39.367  	39.856  	PartyScene_27
1831.71       	31.754  	37.330  	37.667  	32418.72      	36.351  	38.618  	39.294  	0.00          	0.000   	0.000   	0.000   	1353.79       	31.682  	37.310  	37.641  	PartyScene_32
872.74        	28.934  	35.538  	35.732  	18954.24      	32.422  	36.078  	36.543  	0.00          	0.000   	0.000   	0.000   	590.22        	28.879  	35.530  	35.719  	PartyScene_37
8525.70       	38.618  	41.489  	42.577  	37896.48      	42.054  	43.747  	44.608  	0.00          	0.000   	0.000   	0.000   	8066.78       	38.564  	41.453  	42.546  	RaceHorsesC_22
3645.90       	35.557  	39.388  	40.539  	23945.28      	39.300  	41.042  	42.312  	0.00          	0.000   	0.000   	0.000   	3328.72       	35.498  	39.362  	40.511  	RaceHorsesC_27
1744.22       	32.779  	37.426  	38.721  	14689.44      	36.475  	38.706  	40.400  	0.00          	0.000   	0.000   	0.000   	1541.95       	32.722  	37.406  	38.695  	RaceHorsesC_32
854.26        	30.041  	36.099  	37.171  	8175.84       	33.311  	36.589  	38.066  	0.00          	0.000   	0.000   	0.000   	739.86        	29.990  	36.092  	37.157  	RaceHorsesC_37
12704.71      	43.290  	45.393  	45.851  	142198.08     	46.895  	47.978  	48.543  	0.00          	0.000   	0.000   	0.000   	10681.37      	43.234  	45.353  	45.809  	ArenaOfValor_22
5570.54       	40.027  	42.733  	43.024  	84796.32      	43.457  	44.786  	45.212  	0.00          	0.000   	0.000   	0.000   	4332.64       	39.974  	42.701  	42.990  	ArenaOfValor_27
2655.35       	37.215  	40.508  	40.691  	49724.64      	40.189  	42.255  	42.427  	0.00          	0.000   	0.000   	0.000   	1919.89       	37.169  	40.481  	40.663  	ArenaOfValor_32
1351.94       	34.662  	38.529  	38.479  	28154.88      	37.084  	39.602  	39.412  	0.00          	0.000   	0.000   	0.000   	933.14        	34.624  	38.512  	38.465  	ArenaOfValor_37
1288.53       	50.761  	48.984  	49.142  	63852.48      	51.087  	49.763  	50.252  	0.00          	0.000   	0.000   	0.000   	310.97        	50.756  	48.972  	49.124  	SlideEditing_22
928.76        	46.755  	45.308  	45.383  	46768.32      	47.034  	45.482  	46.366  	0.00          	0.000   	0.000   	0.000   	212.52        	46.751  	45.305  	45.368  	SlideEditing_27
694.17        	42.534  	42.590  	43.051  	34908.48      	42.870  	42.428  	43.796  	0.00          	0.000   	0.000   	0.000   	159.57        	42.529  	42.592  	43.039  	SlideEditing_32
511.86        	37.968  	38.468  	39.400  	25788.48      	38.347  	38.703  	40.225  	0.00          	0.000   	0.000   	0.000   	116.92        	37.962  	38.464  	39.388  	SlideEditing_37
925.37        	52.531  	53.353  	54.546  	25539.36      	50.313  	49.697  	51.254  	0.00          	0.000   	0.000   	0.000   	540.78        	52.565  	53.410  	54.598  	SlideShow_22
566.15        	48.447  	50.147  	51.603  	17245.92      	46.755  	47.529  	48.810  	0.00          	0.000   	0.000   	0.000   	305.53        	48.473  	50.188  	51.647  	SlideShow_27
376.33        	44.929  	47.338  	49.223  	12665.76      	43.432  	45.437  	46.879  	0.00          	0.000   	0.000   	0.000   	184.31        	44.952  	47.368  	49.260  	SlideShow_32
261.19        	41.542  	44.455  	46.529  	9324.96       	40.041  	43.041  	44.307  	0.00          	0.000   	0.000   	0.000   	119.57        	41.565  	44.477  	46.564  	SlideShow_37
2888.99       	41.819  	44.353  	45.142  	29984.64      	45.080  	46.575  	48.030  	0.00          	0.000   	0.000   	0.000   	2465.62       	41.768  	44.318  	45.096  	BasketballDrillText_22
1371.04       	38.795  	42.021  	42.340  	16624.80      	41.685  	43.928  	45.011  	0.00          	0.000   	0.000   	0.000   	1132.69       	38.750  	41.991  	42.298  	BasketballDrillText_27
696.42        	35.916  	39.901  	40.081  	9225.60       	38.546  	41.601  	42.687  	0.00          	0.000   	0.000   	0.000   	563.15        	35.875  	39.875  	40.041  	BasketballDrillText_32
372.89        	33.303  	37.794  	37.770  	5102.40       	35.680  	38.938  	39.559  	0.00          	0.000   	0.000   	0.000   	298.99        	33.266  	37.776  	37.742  	BasketballDrillText_37
8184.62       	40.302  	44.549  	45.525  	80059.68      	42.172  	45.475  	46.310  	0.00          	0.000   	0.000   	0.000   	7061.57       	40.273  	44.535  	45.513  	MarketPlace_22
3604.11       	39.031  	43.560  	44.590  	43049.28      	40.528  	44.074  	45.067  	0.00          	0.000   	0.000   	0.000   	2987.78       	39.008  	43.552  	44.583  	MarketPlace_27
1695.62       	37.251  	42.442  	43.386  	24134.88      	38.836  	42.885  	43.759  	0.00          	0.000   	0.000   	0.000   	1345.01       	37.226  	42.435  	43.380  	MarketPlace_32
843.46        	35.225  	41.152  	42.229  	12949.92      	36.789  	41.043  	42.098  	0.00          	0.000   	0.000   	0.000   	654.30        	35.201  	41.153  	42.232  	MarketPlace_37
11340.04      	39.600  	44.764  	46.325  	55152.00      	41.139  	45.845  	47.939  	0.00          	0.000   	0.000   	0.000   	10655.48      	39.576  	44.747  	46.299  	BasketballDrive_22
4965.83       	38.486  	43.689  	44.456  	26439.36      	39.869  	44.934  	46.477  	0.00          	0.000   	0.000   	0.000   	4630.31       	38.465  	43.670  	44.424  	BasketballDrive_27
2478.73       	36.990  	42.470  	42.646  	14627.52      	38.830  	43.882  	44.760  	0.00          	0.000   	0.000   	0.000   	2288.90       	36.961  	42.448  	42.613  	BasketballDrive_32
1305.95       	35.191  	41.209  	40.786  	8301.60       	37.513  	42.168  	42.411  	0.00          	0.000   	0.000   	0.000   	1196.65       	35.155  	41.194  	40.760  	BasketballDrive_37
23277.05      	37.732  	43.068  	45.370  	178549.44     	41.414  	43.813  	45.743  	0.00          	0.000   	0.000   	0.000   	20850.92      	37.675  	43.056  	45.364  	BQTerrace_22
4690.45       	35.728  	41.879  	44.207  	100969.92     	38.160  	42.137  	44.234  	0.00          	0.000   	0.000   	0.000   	3186.08       	35.690  	41.875  	44.207  	BQTerrace_27
1907.08       	34.250  	40.544  	42.951  	60011.52      	35.897  	40.642  	42.920  	0.00          	0.000   	0.000   	0.000   	999.20        	34.225  	40.543  	42.951  	BQTerrace_32
886.09        	32.475  	38.414  	40.788  	34440.96      	33.480  	38.433  	40.753  	0.00          	0.000   	0.000   	0.000   	361.79        	32.460  	38.414  	40.789  	BQTerrace_37
11466.32      	38.460  	40.114  	44.103  	131731.20     	40.376  	41.376  	45.234  	0.00          	0.000   	0.000   	0.000   	9587.18       	38.430  	40.095  	44.085  	Cactus_22
4651.42       	37.107  	39.481  	42.513  	68723.52      	38.557  	40.002  	43.568  	0.00          	0.000   	0.000   	0.000   	3650.30       	37.084  	39.473  	42.496  	Cactus_27
2254.95       	35.390  	38.712  	40.898  	39442.08      	36.960  	39.198  	41.961  	0.00          	0.000   	0.000   	0.000   	1673.90       	35.365  	38.705  	40.881  	Cactus_32
1125.32       	33.328  	37.433  	38.877  	21929.76      	34.987  	37.793  	39.431  	0.00          	0.000   	0.000   	0.000   	800.25        	33.303  	37.427  	38.869  	Cactus_37
7601.66       	46.141  	48.474  	49.121  	32905.92      	48.744  	50.712  	51.452  	0.00          	0.000   	0.000   	0.000   	7206.28       	46.101  	48.439  	49.085  	RitualDance_22
3903.57       	43.093  	46.279  	46.486  	19566.72      	46.909  	48.971  	49.610  	0.00          	0.000   	0.000   	0.000   	3658.83       	43.033  	46.236  	46.438  	RitualDance_27
2092.20       	40.032  	44.489  	44.319  	11620.32      	44.703  	47.249  	47.503  	0.00          	0.000   	0.000   	0.000   	1943.33       	39.959  	44.446  	44.270  	RitualDance_32
1153.65       	37.121  	42.537  	42.602  	6860.64       	42.152  	44.555  	45.363  	0.00          	0.000   	0.000   	0.000   	1064.47       	37.042  	42.505  	42.559  	RitualDance_37
9250.76       	45.399  	50.610  	51.872  	46578.72      	45.983  	50.980  	52.691  	0.00          	0.000   	0.000   	0.000   	8667.51       	45.390  	50.604  	51.859  	FoodMarket4_22
4755.23       	44.576  	49.403  	50.129  	26061.12      	45.508  	49.957  	51.287  	0.00          	0.000   	0.000   	0.000   	4422.33       	44.561  	49.394  	50.111  	FoodMarket4_27
2508.16       	43.226  	47.944  	48.240  	16539.84      	44.891  	48.659  	49.550  	0.00          	0.000   	0.000   	0.000   	2288.91       	43.200  	47.933  	48.220  	FoodMarket4_32
1380.27       	41.422  	46.535  	46.399  	10522.56      	43.789  	46.801  	47.165  	0.00          	0.000   	0.000   	0.000   	1237.42       	41.386  	46.531  	46.387  	FoodMarket4_37
17745.16      	40.313  	49.521  	47.550  	137680.80     	41.519  	49.994  	49.081  	0.00          	0.000   	0.000   	0.000   	15871.17      	40.294  	49.514  	47.526  	Tango2_22
7542.52       	39.747  	48.713  	46.377  	52120.32      	40.522  	49.267  	47.878  	0.00          	0.000   	0.000   	0.000   	6845.99       	39.735  	48.704  	46.354  	Tango2_27
3944.04       	38.858  	47.544  	44.906  	29743.68      	39.954  	48.368  	46.604  	0.00          	0.000   	0.000   	0.000   	3540.92       	38.841  	47.531  	44.880  	Tango2_32
2240.99       	37.585  	46.446  	43.515  	17455.20      	39.128  	46.919  	44.764  	0.00          	0.000   	0.000   	0.000   	2003.27       	37.561  	46.438  	43.495  	Tango2_37
107069.21     	39.250  	41.224  	42.119  	376155.84     	43.270  	46.657  	44.153  	0.00          	0.000   	0.000   	0.000   	102864.74     	39.187  	41.139  	42.087  	Campfire_22
31454.94      	37.263  	37.824  	40.442  	170690.40     	40.123  	43.333  	42.315  	0.00          	0.000   	0.000   	0.000   	29279.38      	37.219  	37.737  	40.413  	Campfire_27
16573.16      	35.872  	35.823  	39.063  	72741.12      	38.158  	40.358  	40.783  	0.00          	0.000   	0.000   	0.000   	15695.53      	35.836  	35.752  	39.036  	Campfire_32
8769.50       	34.196  	33.739  	37.468  	36342.72      	36.873  	37.463  	38.782  	0.00          	0.000   	0.000   	0.000   	8338.67       	34.154  	33.681  	37.447  	Campfire_37
17714.50      	40.268  	41.903  	43.691  	233227.20     	41.509  	42.393  	44.465  	0.00          	0.000   	0.000   	0.000   	14347.12      	40.248  	41.895  	43.679  	CatRobot_22
8236.84       	39.558  	41.411  	42.635  	114010.08     	40.364  	41.785  	43.403  	0.00          	0.000   	0.000   	0.000   	6584.14       	39.546  	41.405  	42.623  	CatRobot_27
4183.72       	38.395  	40.715  	41.287  	66954.24      	39.396  	41.150  	42.188  	0.00          	0.000   	0.000   	0.000   	3202.93       	38.379  	40.708  	41.273  	CatRobot_32
2289.19       	36.819  	39.858  	39.695  	39547.20      	37.980  	40.118  	40.198  	0.00          	0.000   	0.000   	0.000   	1707.03       	36.801  	39.854  	39.688  	CatRobot_37
24789.64      	37.762  	45.769  	43.448  	355525.44     	39.624  	46.403  	44.133  	0.00          	0.000   	0.000   	0.000   	19621.89      	37.733  	45.759  	43.437  	DaylightRoad2_22
9564.99       	37.211  	45.015  	42.669  	113697.12     	37.834  	45.569  	43.174  	0.00          	0.000   	0.000   	0.000   	7937.93       	37.201  	45.006  	42.661  	DaylightRoad2_27
4675.00       	36.355  	43.963  	41.685  	64197.60      	37.179  	44.632  	42.186  	0.00          	0.000   	0.000   	0.000   	3744.96       	36.342  	43.952  	41.677  	DaylightRoad2_32
2484.67       	35.125  	42.640  	40.052  	36393.60      	36.178  	43.141  	40.252  	0.00          	0.000   	0.000   	0.000   	1954.85       	35.108  	42.633  	40.048  	DaylightRoad2_37
