average                                             I frame                                             P frame                                             B frame
bitrate(kb/s) 	psnr(Y) 	psnr(U) 	psnr(V) 	bitrate(kb/s) 	psnr(Y) 	psnr(U) 	psnr(V) 	bitrate(kb/s) 	psnr(Y) 	psnr(U) 	psnr(V) 	bitrate(kb/s) 	psnr(Y) 	psnr(U) 	psnr(V)
793.79        	42.777  	46.000  	45.580  	8594.88       	45.286  	47.753  	48.102  	0.00          	0.000   	0.000   	0.000   	671.89        	42.738  	45.973  	45.541  	BasketballPass_22
394.71        	39.109  	43.288  	42.524  	5275.68       	42.070  	44.683  	44.727  	0.00          	0.000   	0.000   	0.000   	318.44        	39.063  	43.266  	42.490  	BasketballPass_27
200.77        	35.836  	40.996  	40.117  	3140.64       	38.862  	41.862  	41.980  	0.00          	0.000   	0.000   	0.000   	154.83        	35.789  	40.983  	40.088  	BasketballPass_32
106.78        	32.984  	39.023  	38.201  	1775.52       	35.610  	39.102  	39.119  	0.00          	0.000   	0.000   	0.000   	80.71         	32.943  	39.022  	38.186  	BasketballPass_37
1697.52       	38.571  	41.828  	43.459  	14482.08      	42.594  	44.534  	46.533  	0.00          	0.000   	0.000   	0.000   	1497.76       	38.508  	41.786  	43.411  	BlowingBubbles_22
780.14        	35.450  	39.369  	40.870  	9041.76       	39.501  	41.325  	43.273  	0.00          	0.000   	0.000   	0.000   	651.05        	35.387  	39.339  	40.833  	BlowingBubbles_27
377.62        	32.637  	37.180  	38.598  	5384.16       	36.324  	38.742  	40.398  	0.00          	0.000   	0.000   	0.000   	299.39        	32.579  	37.156  	38.570  	BlowingBubbles_32
189.47        	30.113  	35.426  	36.761  	2983.20       	33.166  	35.772  	37.854  	0.00          	0.000   	0.000   	0.000   	145.82        	30.065  	35.421  	36.744  	BlowingBubbles_37
1095.36       	39.208  	44.968  	45.967  	14270.40      	42.678  	46.056  	46.945  	0.00          	0.000   	0.000   	0.000   	889.50        	39.154  	44.951  	45.951  	BQSquare_22
472.56        	35.944  	42.687  	43.565  	9867.84       	39.338  	43.225  	44.100  	0.00          	0.000   	0.000   	0.000   	325.75        	35.891  	42.678  	43.556  	BQSquare_27
230.04        	32.727  	40.554  	41.331  	6365.76       	35.593  	41.190  	41.818  	0.00          	0.000   	0.000   	0.000   	134.17        	32.682  	40.544  	41.323  	BQSquare_32
128.02        	30.050  	38.727  	39.375  	4028.64       	32.209  	39.058  	39.517  	0.00          	0.000   	0.000   	0.000   	67.07         	30.016  	38.722  	39.373  	BQSquare_37
2138.40       	39.366  	41.899  	42.382  	12976.80      	43.728  	45.138  	45.798  	0.00          	0.000   	0.000   	0.000   	1969.05       	39.298  	41.848  	42.329  	RaceHorses_22
1041.82       	35.580  	39.378  	39.673  	8489.28       	40.469  	42.023  	42.763  	0.00          	0.000   	0.000   	0.000   	925.46        	35.504  	39.337  	39.625  	RaceHorses_27
515.10        	32.256  	37.315  	37.335  	5268.48       	37.140  	39.273  	39.954  	0.00          	0.000   	0.000   	0.000   	440.83        	32.180  	37.285  	37.294  	RaceHorses_32
257.30        	29.506  	35.799  	35.649  	3005.76       	33.672  	36.910  	37.321  	0.00          	0.000   	0.000   	0.000   	214.36        	29.441  	35.782  	35.623  	RaceHorses_37
3003.52       	41.721  	44.302  	45.023  	33231.84      	45.380  	46.615  	48.113  	0.00          	0.000   	0.000   	0.000   	2531.20       	41.664  	44.266  	44.975  	BasketballDrill_22
1405.17       	38.765  	42.087  	42.337  	17826.72      	41.896  	44.032  	45.210  	0.00          	0.000   	0.000   	0.000   	1148.58       	38.716  	42.057  	42.292  	BasketballDrill_27
701.94        	35.919  	40.089  	40.135  	9602.40       	38.776  	41.805  	42.796  	0.00          	0.000   	0.000   	0.000   	562.87        	35.875  	40.062  	40.093  	BasketballDrill_32
368.29        	33.343  	38.169  	38.103  	5129.76       	35.926  	39.437  	40.183  	0.00          	0.000   	0.000   	0.000   	293.89        	33.303  	38.149  	38.071  	BasketballDrill_37
3537.04       	40.075  	44.000  	45.100  	34494.72      	42.783  	45.304  	47.275  	0.00          	0.000   	0.000   	0.000   	3053.32       	40.032  	43.980  	45.066  	BQMall_22
1715.44       	37.594  	42.258  	42.764  	22337.28      	40.677  	43.273  	44.778  	0.00          	0.000   	0.000   	0.000   	1393.22       	37.546  	42.242  	42.733  	BQMall_27
884.01        	34.913  	40.394  	40.594  	14115.84      	38.084  	41.305  	42.393  	0.00          	0.000   	0.000   	0.000   	677.26        	34.863  	40.380  	40.566  	BQMall_32
477.37        	32.261  	38.577  	38.678  	8418.72       	35.047  	39.133  	40.037  	0.00          	0.000   	0.000   	0.000   	353.29        	32.217  	38.568  	38.656  	BQMall_37
8272.48       	38.497  	41.865  	42.615  	77805.60      	45.368  	45.710  	46.458  	0.00          	0.000   	0.000   	0.000   	7186.03       	38.390  	41.805  	42.555  	PartyScene_22
3842.96       	34.934  	39.414  	39.906  	51549.12      	40.634  	41.430  	42.230  	0.00          	0.000   	0.000   	0.000   	3097.55       	34.845  	39.382  	39.870  	PartyScene_27
1831.51       	31.761  	37.318  	37.637  	32418.72      	36.351  	38.618  	39.294  	0.00          	0.000   	0.000   	0.000   	1353.59       	31.690  	37.298  	37.611  	PartyScene_32
872.30        	28.933  	35.578  	35.688  	18954.24      	32.422  	36.078  	36.543  	0.00          	0.000   	0.000   	0.000   	589.77        	28.878  	35.570  	35.675  	PartyScene_37
12692.05      	43.283  	45.392  	45.841  	142198.08     	46.895  	47.978  	48.543  	0.00          	0.000   	0.000   	0.000   	10668.52      	43.227  	45.351  	45.799  	ArenaOfValor_22
5575.38       	40.031  	42.715  	43.022  	84796.32      	43.457  	44.786  	45.212  	0.00          	0.000   	0.000   	0.000   	4337.56       	39.977  	42.683  	42.988  	ArenaOfValor_27
2652.99       	37.216  	40.493  	40.680  	49724.64      	40.189  	42.255  	42.427  	0.00          	0.000   	0.000   	0.000   	1917.49       	37.169  	40.465  	40.653  	ArenaOfValor_32
1352.87       	34.666  	38.534  	38.466  	28154.88      	37.084  	39.602  	39.412  	0.00          	0.000   	0.000   	0.000   	934.09        	34.628  	38.518  	38.451  	ArenaOfValor_37
1288.53       	50.778  	48.988  	49.120  	63852.48      	51.087  	49.763  	50.252  	0.00          	0.000   	0.000   	0.000   	310.96        	50.773  	48.976  	49.102  	SlideEditing_22
930.93        	46.753  	45.322  	45.425  	46768.32      	47.034  	45.482  	46.366  	0.00          	0.000   	0.000   	0.000   	214.72        	46.749  	45.319  	45.410  	SlideEditing_27
695.92        	42.530  	42.561  	43.053  	34908.48      	42.870  	42.428  	43.796  	0.00          	0.000   	0.000   	0.000   	161.35        	42.525  	42.563  	43.041  	SlideEditing_32
510.64        	37.968  	38.473  	39.410  	25788.48      	38.347  	38.703  	40.225  	0.00          	0.000   	0.000   	0.000   	115.67        	37.962  	38.470  	39.398  	SlideEditing_37
925.56        	52.516  	53.409  	54.522  	25539.36      	50.313  	49.697  	51.254  	0.00          	0.000   	0.000   	0.000   	540.97        	52.550  	53.467  	54.573  	SlideShow_22
569.47        	48.480  	50.168  	51.517  	17245.92      	46.755  	47.529  	48.810  	0.00          	0.000   	0.000   	0.000   	308.90        	48.507  	50.209  	51.559  	SlideShow_27
377.19        	44.930  	47.153  	48.845  	12665.76      	43.432  	45.437  	46.879  	0.00          	0.000   	0.000   	0.000   	185.18        	44.953  	47.180  	48.876  	SlideShow_32
262.08        	41.536  	44.254  	46.734  	9324.96       	40.041  	43.041  	44.307  	0.00          	0.000   	0.000   	0.000   	120.47        	41.559  	44.273  	46.772  	SlideShow_37
2888.17       	41.823  	44.346  	45.140  	29984.64      	45.080  	46.575  	48.030  	0.00          	0.000   	0.000   	0.000   	2464.79       	41.772  	44.311  	45.095  	BasketballDrillText_22
1372.40       	38.792  	42.016  	42.375  	16624.80      	41.685  	43.928  	45.011  	0.00          	0.000   	0.000   	0.000   	1134.08       	38.747  	41.986  	42.334  	BasketballDrillText_27
697.97        	35.922  	39.849  	40.105  	9225.60       	38.546  	41.601  	42.687  	0.00          	0.000   	0.000   	0.000   	564.73        	35.881  	39.822  	40.065  	BasketballDrillText_32
372.70        	33.297  	37.782  	37.738  	5102.40       	35.680  	38.938  	39.559  	0.00          	0.000   	0.000   	0.000   	298.80        	33.260  	37.764  	37.710  	BasketballDrillText_37
8183.03       	40.302  	44.546  	45.517  	80059.68      	42.172  	45.475  	46.310  	0.00          	0.000   	0.000   	0.000   	7059.96       	40.273  	44.532  	45.504  	MarketPlace_22
3606.86       	39.027  	43.577  	44.607  	43049.28      	40.528  	44.074  	45.067  	0.00          	0.000   	0.000   	0.000   	2990.57       	39.004  	43.569  	44.600  	MarketPlace_27
1690.10       	37.242  	42.435  	43.369  	24134.88      	38.836  	42.885  	43.759  	0.00          	0.000   	0.000   	0.000   	1339.40       	37.217  	42.428  	43.363  	MarketPlace_32
845.08        	35.224  	41.119  	42.205  	12949.92      	36.789  	41.043  	42.098  	0.00          	0.000   	0.000   	0.000   	655.94        	35.200  	41.121  	42.207  	MarketPlace_37
11332.44      	39.600  	44.759  	46.311  	55152.00      	41.139  	45.845  	47.939  	0.00          	0.000   	0.000   	0.000   	10647.76      	39.576  	44.742  	46.285  	BasketballDrive_22
4962.51       	38.488  	43.692  	44.447  	26439.36      	39.869  	44.934  	46.477  	0.00          	0.000   	0.000   	0.000   	4626.93       	38.466  	43.673  	44.416  	BasketballDrive_27
2471.70       	36.990  	42.475  	42.623  	14627.52      	38.830  	43.882  	44.760  	0.00          	0.000   	0.000   	0.000   	2281.77       	36.961  	42.453  	42.590  	BasketballDrive_32
1307.45       	35.197  	41.202  	40.793  	8301.60       	37.513  	42.168  	42.411  	0.00          	0.000   	0.000   	0.000   	1198.16       	35.161  	41.187  	40.768  	BasketballDrive_37
23284.64      	37.732  	43.065  	45.377  	178549.44     	41.414  	43.813  	45.743  	0.00          	0.000   	0.000   	0.000   	20858.63      	37.674  	43.053  	45.371  	BQTerrace_22
4702.53       	35.731  	41.876  	44.202  	100969.92     	38.160  	42.137  	44.234  	0.00          	0.000   	0.000   	0.000   	3198.35       	35.693  	41.872  	44.201  	BQTerrace_27
1906.91       	34.251  	40.537  	42.942  	60011.52      	35.897  	40.642  	42.920  	0.00          	0.000   	0.000   	0.000   	999.03        	34.225  	40.535  	42.942  	BQTerrace_32
887.96        	32.478  	38.405  	40.800  	34440.96      	33.480  	38.433  	40.753  	0.00          	0.000   	0.000   	0.000   	363.69        	32.462  	38.405  	40.801  	BQTerrace_37
7592.51       	46.142  	48.464  	49.117  	32905.92      	48.744  	50.712  	51.452  	0.00          	0.000   	0.000   	0.000   	7196.98       	46.102  	48.429  	49.080  	RitualDance_22
3899.99       	43.093  	46.260  	46.488  	19566.72      	46.909  	48.971  	49.610  	0.00          	0.000   	0.000   	0.000   	3655.20       	43.033  	46.217  	46.439  	RitualDance_27
2090.10       	40.018  	44.477  	44.302  	11620.32      	44.703  	47.249  	47.503  	0.00          	0.000   	0.000   	0.000   	1941.19       	39.944  	44.434  	44.251  	RitualDance_32
1152.90       	37.125  	42.543  	42.614  	6860.64       	42.152  	44.555  	45.363  	0.00          	0.000   	0.000   	0.000   	1063.72       	37.046  	42.511  	42.572  	RitualDance_37
