encTime         test_Sequence
44548.44      	MarketPlace_22
18089.23      	MarketPlace_27
10869.04      	MarketPlace_32
6916.50       	MarketPlace_37
60298.06      	BasketballDrive_22
29575.16      	BasketballDrive_27
17972.65      	BasketballDrive_32
11330.93      	BasketballDrive_37
50584.56      	BQTerrace_22
18726.58      	BQTerrace_27
9603.74       	BQTerrace_32
5756.31       	BQTerrace_37
42646.76      	Cactus_22
20341.08      	Cactus_27
12774.40      	Cactus_32
8091.15       	Cactus_37
31061.05      	RitualDance_22
19383.96      	RitualDance_27
13575.14      	RitualDance_32
9213.72       	RitualDance_37
8330.54       	BasketballDrill_22
5782.07       	BasketballDrill_27
3794.03       	BasketballDrill_32
2439.44       	BasketballDrill_37
8043.09       	BQMall_22
5635.19       	BQMall_27
3736.49       	BQMall_32
2570.48       	BQMall_37
11737.48      	PartyScene_22
7020.63       	PartyScene_27
5115.02       	PartyScene_32
3290.81       	PartyScene_37
13740.97      	RaceHorsesC_22
7852.32       	RaceHorsesC_27
6108.54       	RaceHorsesC_32
4026.68       	RaceHorsesC_37
1802.87       	BasketballPass_22
1452.58       	BasketballPass_27
1057.31       	BasketballPass_32
678.82        	BasketballPass_37
2868.49       	BlowingBubbles_22
1818.15       	BlowingBubbles_27
1126.72       	BlowingBubbles_32
697.87        	BlowingBubbles_37
2116.35       	BQSquare_22
1264.31       	BQSquare_27
802.83        	BQSquare_32
489.78        	BQSquare_37
3181.88       	RaceHorses_22
2194.44       	RaceHorses_27
1631.81       	RaceHorses_32
1016.89       	RaceHorses_37
5991.70       	FourPeople_22
3464.70       	FourPeople_27
2262.81       	FourPeople_32
1556.00       	FourPeople_37
6444.76       	Johnny_22
3185.15       	Johnny_27
1909.44       	Johnny_32
1257.37       	Johnny_37
6321.78       	KristenAndSara_22
3528.90       	KristenAndSara_27
2136.61       	KristenAndSara_32
1386.01       	KristenAndSara_37
28476.80      	ArenaOfValor_22
18098.61      	ArenaOfValor_27
11937.17      	ArenaOfValor_32
7899.07       	ArenaOfValor_37
1688.03       	SlideEditing_22
1447.52       	SlideEditing_27
1302.49       	SlideEditing_32
1214.66       	SlideEditing_37
3711.93       	SlideShow_22
2765.72       	SlideShow_27
1984.74       	SlideShow_32
1543.06       	SlideShow_37
7452.30       	BasketballDrillText_22
5209.79       	BasketballDrillText_27
3542.51       	BasketballDrillText_32
2320.97       	BasketballDrillText_37
